<?xml version="1.0" encoding="UTF-8"?>
<testng-results ignored="0" total="1" passed="1" failed="0" skipped="0">
  <reporter-output>
  </reporter-output>
  <suite started-at="2024-03-20T14:37:58 CET" name="RegressionTestSuite" finished-at="2024-03-20T14:38:14 CET" duration-ms="15590">
    <groups>
    </groups>
    <test started-at="2024-03-20T14:37:58 CET" name="Test" finished-at="2024-03-20T14:38:14 CET" duration-ms="15590">
      <class name="in.co.mercuryTravel.tests.MercuryTravelTestCases">
        <test-method is-config="true" signature="preSetup()[pri:0, instance:in.co.mercuryTravel.tests.MercuryTravelTestCases@2de56eb2]" started-at="2024-03-20T14:37:58 CET" name="preSetup" finished-at="2024-03-20T14:37:58 CET" duration-ms="93" status="PASS">
          <reporter-output>
          </reporter-output>
        </test-method> <!-- preSetup -->
        <test-method is-config="true" signature="setUp()[pri:0, instance:in.co.mercuryTravel.tests.MercuryTravelTestCases@2de56eb2]" started-at="2024-03-20T14:37:58 CET" name="setUp" finished-at="2024-03-20T14:38:07 CET" duration-ms="8724" status="PASS">
          <reporter-output>
          </reporter-output>
        </test-method> <!-- setUp -->
        <test-method signature="loginUser()[pri:0, instance:in.co.mercuryTravel.tests.MercuryTravelTestCases@2de56eb2]" started-at="2024-03-20T14:38:07 CET" name="loginUser" finished-at="2024-03-20T14:38:14 CET" duration-ms="6666" status="PASS">
          <reporter-output>
          </reporter-output>
        </test-method> <!-- loginUser -->
        <test-method is-config="true" signature="afterMethod(org.testng.ITestResult)[pri:0, instance:in.co.mercuryTravel.tests.MercuryTravelTestCases@2de56eb2]" started-at="2024-03-20T14:38:14 CET" name="afterMethod" finished-at="2024-03-20T14:38:14 CET" duration-ms="2" status="PASS">
          <params>
            <param index="0">
              <value>
                <![CDATA[[TestResult name=loginUser status=SUCCESS method=MercuryTravelTestCases.loginUser()[pri:0, instance:in.co.mercuryTravel.tests.MercuryTravelTestCases@2de56eb2] output={null}]]]>
              </value>
            </param>
          </params>
          <reporter-output>
          </reporter-output>
        </test-method> <!-- afterMethod -->
        <test-method is-config="true" signature="cleanUp()[pri:0, instance:in.co.mercuryTravel.tests.MercuryTravelTestCases@2de56eb2]" started-at="2024-03-20T14:38:14 CET" name="cleanUp" finished-at="2024-03-20T14:38:14 CET" duration-ms="166" status="PASS">
          <reporter-output>
          </reporter-output>
        </test-method> <!-- cleanUp -->
        <test-method is-config="true" signature="postCleanUp()[pri:0, instance:in.co.mercuryTravel.tests.MercuryTravelTestCases@2de56eb2]" started-at="2024-03-20T14:38:14 CET" name="postCleanUp" finished-at="2024-03-20T14:38:14 CET" duration-ms="283" status="PASS">
          <reporter-output>
          </reporter-output>
        </test-method> <!-- postCleanUp -->
      </class> <!-- in.co.mercuryTravel.tests.MercuryTravelTestCases -->
    </test> <!-- Test -->
  </suite> <!-- RegressionTestSuite -->
</testng-results>
